c:\users\kings\downloads\compressed\mouserunner\vs\gui\debug\vc142.pdb
c:\users\kings\downloads\compressed\mouserunner\vs\gui\debug\vc142.idb
c:\users\kings\downloads\compressed\mouserunner\vs\gui\debug\game.obj
c:\users\kings\downloads\compressed\mouserunner\vs\gui\debug\demo.obj
c:\users\kings\downloads\compressed\mouserunner_v3\mouserunner\vs\gui\debug\vc142.pdb
c:\users\kings\downloads\compressed\mouserunner_v3\mouserunner\vs\gui\debug\vc142.idb
c:\users\kings\downloads\compressed\mouserunner_v3\mouserunner\vs\gui\debug\demo.obj
c:\users\kings\downloads\compressed\mouserunner_v3\mouserunner\vs\gui\debug\button.obj
c:\users\kings\downloads\compressed\mouserunner_v3\mouserunner\vs\gui\debug\text.obj
c:\users\kings\downloads\compressed\mouserunner_v3\mouserunner\vs\gui\debug\game.obj
c:\users\kings\downloads\compressed\mouserunner_v3\mouserunner\vs\gui\debug\wall.obj
c:\users\kings\downloads\compressed\mouserunner_v3\mouserunner\vs\gui\debug\food.obj
c:\users\kings\downloads\compressed\mouserunner_v3\mouserunner\vs\gui\debug\player.obj
c:\users\kings\downloads\compressed\mouserunner_v3\mouserunner\vs\gui\debug\obstacle.obj
c:\users\kings\downloads\compressed\mouserunner_v3\mouserunner\vs\gui\debug\collision.obj
c:\users\kings\downloads\compressed\mouserunner\vs\debug\gui.exe
c:\users\kings\downloads\compressed\mouserunner\vs\debug\gui.ilk
c:\users\kings\downloads\compressed\mouserunner\vs\debug\gui.pdb
c:\users\kings\downloads\compressed\mouserunner_v3\mouserunner\vs\debug\gui.exe
c:\users\kings\downloads\compressed\mouserunner_v3\mouserunner\vs\debug\gui.ilk
c:\users\kings\downloads\compressed\mouserunner_v3\mouserunner\vs\debug\gui.pdb
c:\users\kings\downloads\compressed\mouserunner_v3\mouserunner\vs\gui\debug\gui.tlog\cl.command.1.tlog
c:\users\kings\downloads\compressed\mouserunner_v3\mouserunner\vs\gui\debug\gui.tlog\cl.read.1.tlog
c:\users\kings\downloads\compressed\mouserunner_v3\mouserunner\vs\gui\debug\gui.tlog\cl.write.1.tlog
c:\users\kings\downloads\compressed\mouserunner_v3\mouserunner\vs\gui\debug\gui.tlog\link.command.1.tlog
c:\users\kings\downloads\compressed\mouserunner_v3\mouserunner\vs\gui\debug\gui.tlog\link.read.1.tlog
c:\users\kings\downloads\compressed\mouserunner_v3\mouserunner\vs\gui\debug\gui.tlog\link.write.1.tlog
